2018-08-16 19:04:19 +0000  Initial pipeline context: <IDEDistributionProcessingPipelineContext: 0x7fc92b061de0; archive(resolved)='<IDEArchive: 0x7fc940d2a970>', distributionTask(resolved)='2', distributionMethod(resolved)='<IDEDistributionMethodDevelopmentSigned: 0x7fc93cfdcc80>', team(resolved)='<IDEProvisioningBasicTeam: 0x7fc9393b7cc0; teamID='K3SS93GZAC', teamName='Hamed  Tavaghohamedani'>'>
	Chain (11, self inclusive):
	<IDEDistributionProcessingPipelineContext: 0x7fc92b061de0; archive = '<IDEArchive: 0x7fc940d2a970>', distributionMethod='<IDEDistributionMethodDevelopmentSigned: 0x7fc93cfdcc80>', team='<IDEProvisioningBasicTeam: 0x7fc9393b7cc0; teamID='K3SS93GZAC', teamName='Hamed  Tavaghohamedani'>'>
	<IDEDistributionProcessingPipelineContext: 0x7fc94012f2b0; archive = '<IDEArchive: 0x7fc940d2a970>', distributionMethod='<IDEDistributionMethodDevelopmentSigned: 0x7fc93cfdcc80>', team='<IDEProvisioningBasicTeam: 0x7fc9393b7cc0; teamID='K3SS93GZAC', teamName='Hamed  Tavaghohamedani'>'>
	<IDEDistributionContext: 0x7fc9228a3f00; archive = '<IDEArchive: 0x7fc940d2a970>', distributionMethod='<IDEDistributionMethodDevelopmentSigned: 0x7fc93cfdcc80>', team='<IDEProvisioningBasicTeam: 0x7fc9393b7cc0; teamID='K3SS93GZAC', teamName='Hamed  Tavaghohamedani'>'>
	<IDEDistributionContext: 0x7fc93c89c000; archive = '<IDEArchive: 0x7fc940d2a970>', distributionMethod='<IDEDistributionMethodDevelopmentSigned: 0x7fc93cfdcc80>', team='<IDEProvisioningBasicTeam: 0x7fc9393b7cc0; teamID='K3SS93GZAC', teamName='Hamed  Tavaghohamedani'>'>
	<IDEDistributionContext: 0x7fc939c12610; archive = '<IDEArchive: 0x7fc940d2a970>', distributionMethod='<IDEDistributionMethodDevelopmentSigned: 0x7fc93cfdcc80>', team='<IDEProvisioningBasicTeam: 0x7fc9393b7cc0; teamID='K3SS93GZAC', teamName='Hamed  Tavaghohamedani'>'>
	<IDEDistributionContext: 0x7fc92e245710; archive = '<IDEArchive: 0x7fc940d2a970>', distributionMethod='<IDEDistributionMethodDevelopmentSigned: 0x7fc93cfdcc80>', team='<IDEProvisioningBasicTeam: 0x7fc9393b7cc0; teamID='K3SS93GZAC', teamName='Hamed  Tavaghohamedani'>'>
	<IDEDistributionContext: 0x7fc92fa71e40; archive = '<IDEArchive: 0x7fc940d2a970>', distributionMethod='<IDEDistributionMethodDevelopmentSigned: 0x7fc93cfdcc80>', team='<IDEProvisioningBasicTeam: 0x7fc9393b7cc0; teamID='K3SS93GZAC', teamName='Hamed  Tavaghohamedani'>'>
	<IDEDistributionContext: 0x7fc92437ec80; archive = '<IDEArchive: 0x7fc940d2a970>', distributionMethod='<IDEDistributionMethodDevelopmentSigned: 0x7fc93cfdcc80>', team='<IDEProvisioningBasicTeam: 0x7fc9393b7cc0; teamID='K3SS93GZAC', teamName='Hamed  Tavaghohamedani'>'>
	<IDEDistributionContext: 0x7fc939ff3470; archive = '<IDEArchive: 0x7fc940d2a970>', distributionMethod='<IDEDistributionMethodDevelopmentSigned: 0x7fc93cfdcc80>', team='<IDEProvisioningBasicTeam: 0x7fc9393b7cc0; teamID='K3SS93GZAC', teamName='Hamed  Tavaghohamedani'>'>
	<IDEDistributionContext: 0x7fc930fb0d90; archive = '<IDEArchive: 0x7fc940d2a970>', distributionMethod='<IDEDistributionMethodDevelopmentSigned: 0x7fc93cfdcc80>', team='(null)'>
	<IDEDistributionContext: 0x7fc93d7f80e0; archive = '<IDEArchive: 0x7fc940d2a970>', distributionMethod='(null)', team='(null)'>
</IDEDistributionProcessingPipelineContext: 0x7fc92b061de0>
2018-08-16 19:04:19 +0000  Processing step: IDEDistributionCreateDestRootStep
2018-08-16 19:04:19 +0000  Processing step: IDEDistributionCopyItemStep
2018-08-16 19:04:19 +0000  Running /usr/bin/ditto '-V' '/Users/alisbook/Library/Developer/Xcode/Archives/2018-08-16/visitou 8-16-18, 11.31 PM.xcarchive/Products/Applications/visitou.app' '/var/folders/wh/g9020_s54wbcj0851bkxn1j00000gn/T/XcodeDistPipeline.PaD/Root/Payload/visitou.app'
2018-08-16 19:04:19 +0000  >>> Copying /Users/alisbook/Library/Developer/Xcode/Archives/2018-08-16/visitou 8-16-18, 11.31 PM.xcarchive/Products/Applications/visitou.app 
2018-08-16 19:04:19 +0000  copying file ./_CodeSignature/CodeResources ... 
2018-08-16 19:04:19 +0000  17039 bytes for ./_CodeSignature/CodeResources
2018-08-16 19:04:19 +0000  copying file ./Octicons.ttf ... 
2018-08-16 19:04:19 +0000  43920 bytes for ./Octicons.ttf
2018-08-16 19:04:19 +0000  copying file ./Feather.ttf ... 
2018-08-16 19:04:19 +0000  55288 bytes for ./Feather.ttf
copying file ./Roboto_medium.ttf ... 
2018-08-16 19:04:19 +0000  137308 bytes for ./Roboto_medium.ttf
copying file ./AppIcon20x20@2x.png ... 
2018-08-16 19:04:19 +0000  1228 bytes for ./AppIcon20x20@2x.png
2018-08-16 19:04:19 +0000  copying file ./Entypo.ttf ... 
2018-08-16 19:04:19 +0000  65584 bytes for ./Entypo.ttf
2018-08-16 19:04:19 +0000  copying file ./AppIcon20x20@3x.png ... 
2018-08-16 19:04:19 +0000  1577 bytes for ./AppIcon20x20@3x.png
2018-08-16 19:04:19 +0000  copying file ./MaterialCommunityIcons.ttf ... 
2018-08-16 19:04:19 +0000  292556 bytes for ./MaterialCommunityIcons.ttf
copying file ./kok.png ... 
2018-08-16 19:04:19 +0000  48210 bytes for ./kok.png
2018-08-16 19:04:19 +0000  copying file ./AppIcon60x60@2x.png ... 
2018-08-16 19:04:19 +0000  3160 bytes for ./AppIcon60x60@2x.png
copying file ./AppIcon29x29@2x.png ... 
2018-08-16 19:04:19 +0000  1505 bytes for ./AppIcon29x29@2x.png
2018-08-16 19:04:19 +0000  copying file ./bnazanin.ttf ... 
2018-08-16 19:04:19 +0000  61608 bytes for ./bnazanin.ttf
2018-08-16 19:04:19 +0000  copying file ./AppIcon40x40@3x.png ... 
2018-08-16 19:04:19 +0000  3160 bytes for ./AppIcon40x40@3x.png
2018-08-16 19:04:19 +0000  copying file ./Mitra.ttf ... 
2018-08-16 19:04:19 +0000  58792 bytes for ./Mitra.ttf
2018-08-16 19:04:19 +0000  copying file ./Foundation.ttf ... 
2018-08-16 19:04:19 +0000  56976 bytes for ./Foundation.ttf
2018-08-16 19:04:19 +0000  copying file ./Ionicons.ttf ... 
2018-08-16 19:04:19 +0000  143936 bytes for ./Ionicons.ttf
copying file ./irsans.ttf ... 
2018-08-16 19:04:19 +0000  61768 bytes for ./irsans.ttf
2018-08-16 19:04:19 +0000  copying file ./AppIcon40x40@2x.png ... 
2018-08-16 19:04:19 +0000  2101 bytes for ./AppIcon40x40@2x.png
2018-08-16 19:04:19 +0000  copying file ./AppIcon29x29@3x.png ... 
2018-08-16 19:04:19 +0000  2257 bytes for ./AppIcon29x29@3x.png
2018-08-16 19:04:19 +0000  copying file ./GoogleService-Info.plist ... 
2018-08-16 19:04:19 +0000  882 bytes for ./GoogleService-Info.plist
copying file ./LaunchScreen.nib ... 
2018-08-16 19:04:19 +0000  1185 bytes for ./LaunchScreen.nib
2018-08-16 19:04:19 +0000  copying file ./AppIcon60x60@3x.png ... 
5120 bytes for ./AppIcon60x60@3x.png
copying file ./rubicon-icon-font.ttf ... 
10208 bytes for ./rubicon-icon-font.ttf
copying file ./FontAwesome.ttf ... 
2018-08-16 19:04:19 +0000  165548 bytes for ./FontAwesome.ttf
2018-08-16 19:04:19 +0000  copying file ./Zocial.ttf ... 
2018-08-16 19:04:19 +0000  25552 bytes for ./Zocial.ttf
2018-08-16 19:04:19 +0000  copying file ./Roboto.ttf ... 
2018-08-16 19:04:19 +0000  145348 bytes for ./Roboto.ttf
2018-08-16 19:04:19 +0000  copying file ./Assets.car ... 
2018-08-16 19:04:19 +0000  227704 bytes for ./Assets.car
2018-08-16 19:04:19 +0000  copying file ./danstevis.otf ... 
2018-08-16 19:04:19 +0000  50376 bytes for ./danstevis.otf
2018-08-16 19:04:19 +0000  copying file ./main.jsbundle.meta ... 
2018-08-16 19:04:19 +0000  21 bytes for ./main.jsbundle.meta
2018-08-16 19:04:19 +0000  copying file ./EvilIcons.ttf ... 
2018-08-16 19:04:19 +0000  13128 bytes for ./EvilIcons.ttf
2018-08-16 19:04:19 +0000  copying file ./visitou ... 
2018-08-16 19:04:19 +0000  51763152 bytes for ./visitou
2018-08-16 19:04:19 +0000  copying file ./main.jsbundle ... 
2018-08-16 19:04:19 +0000  1934959 bytes for ./main.jsbundle
2018-08-16 19:04:19 +0000  copying file ./bkoodak.ttf ... 
2018-08-16 19:04:19 +0000  59928 bytes for ./bkoodak.ttf
copying file ./eternal.ttf ... 
2018-08-16 19:04:19 +0000  161160 bytes for ./eternal.ttf
2018-08-16 19:04:19 +0000  copying file ./SimpleLineIcons.ttf ... 
54056 bytes for ./SimpleLineIcons.ttf
copying file ./embedded.mobileprovision ... 
2018-08-16 19:04:19 +0000  7904 bytes for ./embedded.mobileprovision
2018-08-16 19:04:19 +0000  copying file ./assets/node_modules/react-native-router-flux/images/menu_burger.png ... 
2018-08-16 19:04:19 +0000  706 bytes for ./assets/node_modules/react-native-router-flux/images/menu_burger.png
copying file ./assets/node_modules/react-native-router-flux/images/back_chevron.png ... 
2018-08-16 19:04:19 +0000  575 bytes for ./assets/node_modules/react-native-router-flux/images/back_chevron.png
2018-08-16 19:04:19 +0000  copying file ./assets/node_modules/react-native-router-flux/node_modules/react-navigation/src/views/assets/back-icon@3x.png ... 
2018-08-16 19:04:19 +0000  732 bytes for ./assets/node_modules/react-native-router-flux/node_modules/react-navigation/src/views/assets/back-icon@3x.png
2018-08-16 19:04:19 +0000  copying file ./assets/node_modules/react-native-router-flux/node_modules/react-navigation/src/views/assets/back-icon@2x.png ... 
534 bytes for ./assets/node_modules/react-native-router-flux/node_modules/react-navigation/src/views/assets/back-icon@2x.png
copying file ./assets/node_modules/react-native-router-flux/node_modules/react-navigation/src/views/assets/back-icon.png ... 
2018-08-16 19:04:19 +0000  379 bytes for ./assets/node_modules/react-native-router-flux/node_modules/react-navigation/src/views/assets/back-icon.png
2018-08-16 19:04:19 +0000  copying file ./assets/src/imageSource/time.png ... 
2018-08-16 19:04:19 +0000  41970 bytes for ./assets/src/imageSource/time.png
2018-08-16 19:04:19 +0000  copying file ./assets/src/imageSource/visitou.png ... 
2018-08-16 19:04:19 +0000  49546 bytes for ./assets/src/imageSource/visitou.png
2018-08-16 19:04:19 +0000  copying file ./assets/src/imageSource/sofa.png ... 
38845 bytes for ./assets/src/imageSource/sofa.png
copying file ./assets/src/imageSource/koalaborder.png ... 
2018-08-16 19:04:19 +0000  37526 bytes for ./assets/src/imageSource/koalaborder.png
copying file ./assets/src/imageSource/lemon.png ... 
2018-08-16 19:04:19 +0000  105709 bytes for ./assets/src/imageSource/lemon.png
2018-08-16 19:04:19 +0000  copying file ./Yekan.ttf ... 
2018-08-16 19:04:19 +0000  51652 bytes for ./Yekan.ttf
2018-08-16 19:04:19 +0000  copying file ./Info.plist ... 
2018-08-16 19:04:19 +0000  1890 bytes for ./Info.plist
copying file ./first.png ... 
2018-08-16 19:04:19 +0000  48210 bytes for ./first.png
copying file ./PkgInfo ... 
2018-08-16 19:04:19 +0000  8 bytes for ./PkgInfo
2018-08-16 19:04:19 +0000  copying file ./MaterialIcons.ttf ... 
2018-08-16 19:04:19 +0000  128180 bytes for ./MaterialIcons.ttf
2018-08-16 19:04:19 +0000  copying file ./koodak.ttf ... 
2018-08-16 19:04:19 +0000  59928 bytes for ./koodak.ttf
2018-08-16 19:04:19 +0000  2018-08-16 19:04:19 +0000  /usr/bin/ditto exited with 0

2018-08-16 19:04:19 +0000  2018-08-16 19:04:19 +0000  Processing step: IDEDistributionEmbedProfileStep

2018-08-16 19:04:19 +0000  Processing step: IDEDistributionAppThinningPlistStep
2018-08-16 19:04:19 +0000  Skipping step: IDEDistributionAppThinningPlistStep because it said so
2018-08-16 19:04:19 +0000  Processing step: IDEDistributionCompileBitcodeStep
2018-08-16 19:04:19 +0000  Skipping step: IDEDistributionCompileBitcodeStep because it said so
2018-08-16 19:04:19 +0000  Processing step: IDEDistributionCodeSlimmingStep
2018-08-16 19:04:19 +0000  Processing step: IDEDistributionCopyBCSymbolMapsStep
2018-08-16 19:04:19 +0000  Skipping step: IDEDistributionCopyBCSymbolMapsStep because it said so
2018-08-16 19:04:19 +0000  Processing step: IDEDistributionSymbolsStep
2018-08-16 19:04:19 +0000  Skipping step: IDEDistributionSymbolsStep because it said so
2018-08-16 19:04:19 +0000  Processing step: IDEDistributionAppThinningStep
2018-08-16 19:04:19 +0000  Skipping step: IDEDistributionAppThinningStep because it said so
2018-08-16 19:04:19 +0000  Processing step: IDEDistributionODRStep
2018-08-16 19:04:19 +0000  Processing step: IDEDistributionStripXattrsStep
2018-08-16 19:04:19 +0000  Running /usr/bin/xattr '-crs' '/var/folders/wh/g9020_s54wbcj0851bkxn1j00000gn/T/XcodeDistPipeline.PaD/Root/Payload/visitou.app'
2018-08-16 19:04:20 +0000  2018-08-16 19:04:20 +0000  2018-08-16 19:04:20 +0000  /usr/bin/xattr exited with 0


2018-08-16 19:04:20 +0000  
2018-08-16 19:04:20 +0000  Processing step: IDEDistributionCodesignStep
2018-08-16 19:04:20 +0000  Entitlements for <IDEDistributionItem: 0x7fc9247aef00 'ir.koalasolutiongroup.visitou' '<DVTFilePath:0x7fc921cf6a10:'/Users/alisbook/Library/Developer/Xcode/Archives/2018-08-16/visitou 8-16-18, 11.31 PM.xcarchive/Products/Applications/visitou.app'>'>: {
    "application-identifier" = "K3SS93GZAC.ir.koalasolutiongroup.visitou";
    "aps-environment" = development;
    "com.apple.developer.team-identifier" = K3SS93GZAC;
    "get-task-allow" = 1;
}
2018-08-16 19:04:20 +0000  Writing entitlements for <IDEDistributionItem: 0x7fc9247aef00 'ir.koalasolutiongroup.visitou' '<DVTFilePath:0x7fc921cf6a10:'/Users/alisbook/Library/Developer/Xcode/Archives/2018-08-16/visitou 8-16-18, 11.31 PM.xcarchive/Products/Applications/visitou.app'>'> to: /var/folders/wh/g9020_s54wbcj0851bkxn1j00000gn/T/XcodeDistPipeline.PaD/entitlementsNl52bG
2018-08-16 19:04:20 +0000  Running /usr/bin/codesign '-vvv' '--force' '--sign' 'D2D66247AF29B141CD090958EA9017E2A5E89466' '--preserve-metadata=identifier,flags' '--entitlements' '/var/folders/wh/g9020_s54wbcj0851bkxn1j00000gn/T/XcodeDistPipeline.PaD/entitlementsNl52bG' '/var/folders/wh/g9020_s54wbcj0851bkxn1j00000gn/T/XcodeDistPipeline.PaD/Root/Payload/visitou.app'
2018-08-16 19:04:20 +0000  /var/folders/wh/g9020_s54wbcj0851bkxn1j00000gn/T/XcodeDistPipeline.PaD/Root/Payload/visitou.app: signed app bundle with Mach-O universal (armv7 arm64) [ir.koalasolutiongroup.visitou]
2018-08-16 19:04:20 +0000  
2018-08-16 19:04:20 +0000  
2018-08-16 19:04:20 +0000  2018-08-16 19:04:20 +0000  /usr/bin/codesign exited with 0
2018-08-16 19:04:20 +0000  Processing step: IDEDistributionStreamingZipItemStep

2018-08-16 19:04:20 +0000  Skipping step: IDEDistributionStreamingZipItemStep because it said so
2018-08-16 19:04:20 +0000  Processing step: IDEDistributionCreateIPAStep
2018-08-16 19:04:20 +0000  Running /usr/bin/ditto '-V' '-c' '-k' '--norsrc' '/var/folders/wh/g9020_s54wbcj0851bkxn1j00000gn/T/XcodeDistPipeline.PaD/Root' '/var/folders/wh/g9020_s54wbcj0851bkxn1j00000gn/T/XcodeDistPipeline.PaD/Packages/visitou.ipa'
2018-08-16 19:04:20 +0000  >>> Copying /var/folders/wh/g9020_s54wbcj0851bkxn1j00000gn/T/XcodeDistPipeline.PaD/Root 
2018-08-16 19:04:20 +0000  copying file ./Payload/visitou.app/_CodeSignature/CodeResources ... 
2018-08-16 19:04:20 +0000  17039 bytes for ./Payload/visitou.app/_CodeSignature/CodeResources
copying file ./Payload/visitou.app/Octicons.ttf ... 
2018-08-16 19:04:20 +0000  43920 bytes for ./Payload/visitou.app/Octicons.ttf
copying file ./Payload/visitou.app/Feather.ttf ... 
2018-08-16 19:04:20 +0000  55288 bytes for ./Payload/visitou.app/Feather.ttf
2018-08-16 19:04:20 +0000  copying file ./Payload/visitou.app/Roboto_medium.ttf ... 
2018-08-16 19:04:20 +0000  137308 bytes for ./Payload/visitou.app/Roboto_medium.ttf
2018-08-16 19:04:20 +0000  copying file ./Payload/visitou.app/AppIcon20x20@2x.png ... 
1228 bytes for ./Payload/visitou.app/AppIcon20x20@2x.png
copying file ./Payload/visitou.app/Entypo.ttf ... 
2018-08-16 19:04:20 +0000  65584 bytes for ./Payload/visitou.app/Entypo.ttf
copying file ./Payload/visitou.app/AppIcon20x20@3x.png ... 
1577 bytes for ./Payload/visitou.app/AppIcon20x20@3x.png
copying file ./Payload/visitou.app/MaterialCommunityIcons.ttf ... 
2018-08-16 19:04:21 +0000  292556 bytes for ./Payload/visitou.app/MaterialCommunityIcons.ttf
2018-08-16 19:04:21 +0000  copying file ./Payload/visitou.app/kok.png ... 
2018-08-16 19:04:21 +0000  48210 bytes for ./Payload/visitou.app/kok.png
copying file ./Payload/visitou.app/AppIcon60x60@2x.png ... 
2018-08-16 19:04:21 +0000  3160 bytes for ./Payload/visitou.app/AppIcon60x60@2x.png
copying file ./Payload/visitou.app/AppIcon29x29@2x.png ... 
1505 bytes for ./Payload/visitou.app/AppIcon29x29@2x.png
copying file ./Payload/visitou.app/bnazanin.ttf ... 
2018-08-16 19:04:21 +0000  61608 bytes for ./Payload/visitou.app/bnazanin.ttf
2018-08-16 19:04:21 +0000  copying file ./Payload/visitou.app/AppIcon40x40@3x.png ... 
3160 bytes for ./Payload/visitou.app/AppIcon40x40@3x.png
copying file ./Payload/visitou.app/Mitra.ttf ... 
2018-08-16 19:04:21 +0000  58792 bytes for ./Payload/visitou.app/Mitra.ttf
2018-08-16 19:04:21 +0000  copying file ./Payload/visitou.app/Foundation.ttf ... 
2018-08-16 19:04:21 +0000  56976 bytes for ./Payload/visitou.app/Foundation.ttf
copying file ./Payload/visitou.app/Ionicons.ttf ... 
2018-08-16 19:04:21 +0000  143936 bytes for ./Payload/visitou.app/Ionicons.ttf
copying file ./Payload/visitou.app/irsans.ttf ... 
2018-08-16 19:04:21 +0000  61768 bytes for ./Payload/visitou.app/irsans.ttf
2018-08-16 19:04:21 +0000  copying file ./Payload/visitou.app/AppIcon40x40@2x.png ... 
2101 bytes for ./Payload/visitou.app/AppIcon40x40@2x.png
copying file ./Payload/visitou.app/AppIcon29x29@3x.png ... 
2257 bytes for ./Payload/visitou.app/AppIcon29x29@3x.png
copying file ./Payload/visitou.app/GoogleService-Info.plist ... 
882 bytes for ./Payload/visitou.app/GoogleService-Info.plist
copying file ./Payload/visitou.app/LaunchScreen.nib ... 
1185 bytes for ./Payload/visitou.app/LaunchScreen.nib
copying file ./Payload/visitou.app/AppIcon60x60@3x.png ... 
2018-08-16 19:04:21 +0000  5120 bytes for ./Payload/visitou.app/AppIcon60x60@3x.png
2018-08-16 19:04:21 +0000  copying file ./Payload/visitou.app/rubicon-icon-font.ttf ... 
2018-08-16 19:04:21 +0000  10208 bytes for ./Payload/visitou.app/rubicon-icon-font.ttf
2018-08-16 19:04:21 +0000  copying file ./Payload/visitou.app/FontAwesome.ttf ... 
2018-08-16 19:04:21 +0000  165548 bytes for ./Payload/visitou.app/FontAwesome.ttf
copying file ./Payload/visitou.app/Zocial.ttf ... 
2018-08-16 19:04:21 +0000  25552 bytes for ./Payload/visitou.app/Zocial.ttf
2018-08-16 19:04:21 +0000  copying file ./Payload/visitou.app/Roboto.ttf ... 
2018-08-16 19:04:21 +0000  145348 bytes for ./Payload/visitou.app/Roboto.ttf
2018-08-16 19:04:21 +0000  copying file ./Payload/visitou.app/Assets.car ... 
2018-08-16 19:04:21 +0000  227704 bytes for ./Payload/visitou.app/Assets.car
2018-08-16 19:04:21 +0000  copying file ./Payload/visitou.app/danstevis.otf ... 
2018-08-16 19:04:21 +0000  50376 bytes for ./Payload/visitou.app/danstevis.otf
2018-08-16 19:04:21 +0000  copying file ./Payload/visitou.app/main.jsbundle.meta ... 
21 bytes for ./Payload/visitou.app/main.jsbundle.meta
copying file ./Payload/visitou.app/EvilIcons.ttf ... 
2018-08-16 19:04:21 +0000  13128 bytes for ./Payload/visitou.app/EvilIcons.ttf
2018-08-16 19:04:21 +0000  copying file ./Payload/visitou.app/visitou ... 
2018-08-16 19:04:22 +0000  7593360 bytes for ./Payload/visitou.app/visitou
2018-08-16 19:04:22 +0000  copying file ./Payload/visitou.app/main.jsbundle ... 
2018-08-16 19:04:22 +0000  1934959 bytes for ./Payload/visitou.app/main.jsbundle
2018-08-16 19:04:22 +0000  copying file ./Payload/visitou.app/bkoodak.ttf ... 
2018-08-16 19:04:22 +0000  59928 bytes for ./Payload/visitou.app/bkoodak.ttf
2018-08-16 19:04:22 +0000  copying file ./Payload/visitou.app/eternal.ttf ... 
2018-08-16 19:04:22 +0000  161160 bytes for ./Payload/visitou.app/eternal.ttf
2018-08-16 19:04:22 +0000  copying file ./Payload/visitou.app/SimpleLineIcons.ttf ... 
2018-08-16 19:04:22 +0000  54056 bytes for ./Payload/visitou.app/SimpleLineIcons.ttf
2018-08-16 19:04:22 +0000  copying file ./Payload/visitou.app/embedded.mobileprovision ... 
7904 bytes for ./Payload/visitou.app/embedded.mobileprovision
copying file ./Payload/visitou.app/assets/node_modules/react-native-router-flux/images/menu_burger.png ... 
2018-08-16 19:04:22 +0000  706 bytes for ./Payload/visitou.app/assets/node_modules/react-native-router-flux/images/menu_burger.png
copying file ./Payload/visitou.app/assets/node_modules/react-native-router-flux/images/back_chevron.png ... 
575 bytes for ./Payload/visitou.app/assets/node_modules/react-native-router-flux/images/back_chevron.png
2018-08-16 19:04:22 +0000  copying file ./Payload/visitou.app/assets/node_modules/react-native-router-flux/node_modules/react-navigation/src/views/assets/back-icon@3x.png ... 
2018-08-16 19:04:22 +0000  732 bytes for ./Payload/visitou.app/assets/node_modules/react-native-router-flux/node_modules/react-navigation/src/views/assets/back-icon@3x.png
copying file ./Payload/visitou.app/assets/node_modules/react-native-router-flux/node_modules/react-navigation/src/views/assets/back-icon@2x.png ... 
534 bytes for ./Payload/visitou.app/assets/node_modules/react-native-router-flux/node_modules/react-navigation/src/views/assets/back-icon@2x.png
copying file ./Payload/visitou.app/assets/node_modules/react-native-router-flux/node_modules/react-navigation/src/views/assets/back-icon.png ... 
379 bytes for ./Payload/visitou.app/assets/node_modules/react-native-router-flux/node_modules/react-navigation/src/views/assets/back-icon.png
2018-08-16 19:04:22 +0000  copying file ./Payload/visitou.app/assets/src/imageSource/time.png ... 
2018-08-16 19:04:22 +0000  41970 bytes for ./Payload/visitou.app/assets/src/imageSource/time.png
2018-08-16 19:04:22 +0000  copying file ./Payload/visitou.app/assets/src/imageSource/visitou.png ... 
2018-08-16 19:04:22 +0000  49546 bytes for ./Payload/visitou.app/assets/src/imageSource/visitou.png
copying file ./Payload/visitou.app/assets/src/imageSource/sofa.png ... 
2018-08-16 19:04:22 +0000  38845 bytes for ./Payload/visitou.app/assets/src/imageSource/sofa.png
2018-08-16 19:04:22 +0000  copying file ./Payload/visitou.app/assets/src/imageSource/koalaborder.png ... 
2018-08-16 19:04:22 +0000  37526 bytes for ./Payload/visitou.app/assets/src/imageSource/koalaborder.png
2018-08-16 19:04:22 +0000  copying file ./Payload/visitou.app/assets/src/imageSource/lemon.png ... 
2018-08-16 19:04:22 +0000  105709 bytes for ./Payload/visitou.app/assets/src/imageSource/lemon.png
2018-08-16 19:04:22 +0000  copying file ./Payload/visitou.app/Yekan.ttf ... 
2018-08-16 19:04:22 +0000  51652 bytes for ./Payload/visitou.app/Yekan.ttf
2018-08-16 19:04:22 +0000  copying file ./Payload/visitou.app/Info.plist ... 
1890 bytes for ./Payload/visitou.app/Info.plist
copying file ./Payload/visitou.app/first.png ... 
2018-08-16 19:04:22 +0000  48210 bytes for ./Payload/visitou.app/first.png
2018-08-16 19:04:22 +0000  copying file ./Payload/visitou.app/PkgInfo ... 
8 bytes for ./Payload/visitou.app/PkgInfo
copying file ./Payload/visitou.app/MaterialIcons.ttf ... 
2018-08-16 19:04:22 +0000  128180 bytes for ./Payload/visitou.app/MaterialIcons.ttf
2018-08-16 19:04:22 +0000  copying file ./Payload/visitou.app/koodak.ttf ... 
2018-08-16 19:04:22 +0000  59928 bytes for ./Payload/visitou.app/koodak.ttf
2018-08-16 19:04:22 +0000  
2018-08-16 19:04:22 +0000  /usr/bin/ditto exited with 02018-08-16 19:04:22 +0000  

2018-08-16 19:04:22 +0000  
2018-08-16 19:04:22 +0000  Processing step: IDEDistributionCreateManifestStep
